[debug] > Exec(early(addDefaultCommands), None, None)
[debug] > Exec(addDefaultCommands, None, None)
[debug] > Exec(early(initialize), None, None)
[debug] > Exec(initialize, None, None)
[debug] > Exec(boot, None, None)
[debug] > Exec(writeSbtVersion, None, None)
[debug] > Exec(reload, None, None)
[debug] > Exec(sbtStashOnFailure, None, None)
[debug] > Exec(onFailure loadFailed, None, None)
[debug] > Exec(loadp, None, None)
[info] welcome to sbt 1.5.4 (Red Hat, Inc. Java 11.0.11)
[debug] Load.defaultLoad until apply took 1129.327518ms
[debug]                 Load.loadUnit: plugins took 445.578587ms
[debug]                 Load.loadUnit: defsScala took 0.586757ms
[debug] [Loading] Scanning directory /home/loganj/Projects/JVM_Projects/Functional_Blockchain/project/project
[debug]                   Load.loadUnit: mkEval took 38.85681ms
[debug] [Loading] Found non-root projects 
[debug] [Loading] Done in /home/loganj/Projects/JVM_Projects/Functional_Blockchain/project/project, returning: ()
[debug] deducing auto plugins based on known facts Set(Atom(sbt.plugins.CorePlugin)) and clauses Clauses(Clause(Atom(sbt.plugins.JvmPlugin),Set(Atom(sbt.plugins.IvyPlugin)))
[debug] Clause(Atom(sbt.ScriptedPlugin),Set(Atom(sbt.plugins.JvmPlugin)))
[debug] Clause(Atom(sbt.plugins.SbtPlugin),Set(Atom(sbt.ScriptedPlugin)))
[debug] Clause(Atom(sbt.plugins.SemanticdbPlugin),Set(Atom(sbt.plugins.JvmPlugin)))
[debug] Clause(Atom(sbt.plugins.JUnitXmlReportPlugin),Set(Atom(sbt.plugins.JvmPlugin)))
[debug] Clause(Atom(sbt.plugins.MiniDependencyTreePlugin),Set(Atom(sbt.plugins.JvmPlugin)))
[debug] Clause(Atom(sbt.plugins.CorePlugin),Set(Atom(sbt.plugins.IvyPlugin)))
[debug] Clause(Atom(sbt.plugins.IvyPlugin),Set(Atom(sbt.plugins.JvmPlugin)))
[debug] Clause(Atom(sbt.plugins.JvmPlugin),Set(Atom(sbt.plugins.SemanticdbPlugin)))
[debug] Clause(Atom(sbt.plugins.JvmPlugin),Set(Atom(sbt.plugins.JUnitXmlReportPlugin)))
[debug] Clause(Atom(sbt.plugins.CorePlugin),Set(Atom(sbt.plugins.Giter8TemplatePlugin)))
[debug] Clause(Atom(sbt.plugins.JvmPlugin),Set(Atom(sbt.plugins.MiniDependencyTreePlugin))))
[debug]   :: deduced result: Matched(sbt.plugins.CorePlugin,sbt.plugins.Giter8TemplatePlugin,sbt.plugins.IvyPlugin,sbt.plugins.JvmPlugin,sbt.plugins.MiniDependencyTreePlugin,sbt.plugins.JUnitXmlReportPlugin,sbt.plugins.SemanticdbPlugin)
[debug] Plugins.deducer#function took 43.047697 ms
[info] loading settings for project functional_blockchain-build-build from metals.sbt ...
[debug]                     Load.resolveProject(functional_blockchain-build-build) took 129.981048ms
[debug]                   Load.loadTransitive: finalizeProject(Project(id functional_blockchain-build-build, base: /home/loganj/Projects/JVM_Projects/Functional_Blockchain/project/project, plugins: List(<none>))) took 218.899234ms
[debug] [Loading] Done in /home/loganj/Projects/JVM_Projects/Functional_Blockchain/project/project, returning: (functional_blockchain-build-build)
[debug]                 Load.loadUnit: loadedProjectsRaw took 1237.360786ms
[debug]                 Load.loadUnit: cleanEvalClasses took 14.889052ms
[debug]               Load.loadUnit(file:/home/loganj/Projects/JVM_Projects/Functional_Blockchain/project/project/, ...) took 1709.1819ms
[debug]             Load.apply: load took 1969.444361ms
[debug]             Load.apply: resolveProjects took 9.261882ms
[debug]             Load.apply: finalTransforms took 190.622948ms
[debug]             Load.apply: config.delegates took 11.63699ms
